<?xml version="1.0" encoding="UTF-8"?>
<testsuite xmlns:xsi="http://www.w3.org/2001/XMLSchema-instance" xsi:schemaLocation="https://maven.apache.org/surefire/maven-surefire-plugin/xsd/surefire-test-report.xsd" name="br.com.onew.lab.model.UserTest" time="0.366" tests="4" errors="0" skipped="0" failures="0">
  <properties>
[...]
</properties>
  <testcase name="testCreateUsers" classname="br.com.onew.lab.model.UserTest" time="0.002"/>
  <testcase name="testSerialize" classname="br.com.onew.lab.model.UserTest" time="0.068"/>
  <testcase name="testObrigatoryFieldNull" classname="br.com.onew.lab.model.UserTest" time="0"/>
  <testcase name="testDeserialize" classname="br.com.onew.lab.model.UserTest" time="0.017"/>
</testsuite>